<?xml version="1.0" encoding="UTF-8"?>
<testsuite xmlns:xsi="http://www.w3.org/2001/XMLSchema-instance" xsi:noNamespaceSchemaLocation="https://maven.apache.org/surefire/maven-surefire-plugin/xsd/surefire-test-report-3.0.xsd" version="3.0" name="fr.eql.matchingEngine.MatchingServiceTest" time="5.207" tests="1" errors="1" skipped="0" failures="0">
  <properties>
[...]
</properties>
  <testcase name="test" classname="fr.eql.matchingEngine.MatchingServiceTest" time="0.007">
    <error type="java.lang.IllegalStateException"><![CDATA[java.lang.IllegalStateException: Failed to load ApplicationContext
Caused by: org.springframework.beans.factory.UnsatisfiedDependencyException: Error creating bean with name 'org.springframework.boot.autoconfigure.orm.jpa.HibernateJpaConfiguration': Unsatisfied dependency expressed through constructor parameter 0; nested exception is org.springframework.beans.factory.BeanCreationException: Error creating bean with name 'dataSource' defined in class path resource [org/springframework/boot/autoconfigure/jdbc/DataSourceConfiguration$Hikari.class]: Bean instantiation via factory method failed; nested exception is org.springframework.beans.BeanInstantiationException: Failed to instantiate [com.zaxxer.hikari.HikariDataSource]: Factory method 'dataSource' threw exception; nested exception is org.springframework.boot.autoconfigure.jdbc.DataSourceProperties$DataSourceBeanCreationException: Failed to determine a suitable driver class
Caused by: org.springframework.beans.factory.BeanCreationException: Error creating bean with name 'dataSource' defined in class path resource [org/springframework/boot/autoconfigure/jdbc/DataSourceConfiguration$Hikari.class]: Bean instantiation via factory method failed; nested exception is org.springframework.beans.BeanInstantiationException: Failed to instantiate [com.zaxxer.hikari.HikariDataSource]: Factory method 'dataSource' threw exception; nested exception is org.springframework.boot.autoconfigure.jdbc.DataSourceProperties$DataSourceBeanCreationException: Failed to determine a suitable driver class
Caused by: org.springframework.beans.BeanInstantiationException: Failed to instantiate [com.zaxxer.hikari.HikariDataSource]: Factory method 'dataSource' threw exception; nested exception is org.springframework.boot.autoconfigure.jdbc.DataSourceProperties$DataSourceBeanCreationException: Failed to determine a suitable driver class
Caused by: org.springframework.boot.autoconfigure.jdbc.DataSourceProperties$DataSourceBeanCreationException: Failed to determine a suitable driver class
]]></error>
    <system-out><![CDATA[09:45:41,720 |-INFO in ch.qos.logback.classic.LoggerContext[default] - Could NOT find resource [logback-test.xml]
09:45:41,720 |-INFO in ch.qos.logback.classic.LoggerContext[default] - Could NOT find resource [logback.groovy]
09:45:41,721 |-INFO in ch.qos.logback.classic.LoggerContext[default] - Found resource [logback.xml] at [file:/C:/afcepf/matchingEngine/target/classes/logback.xml]
09:45:41,886 |-INFO in ch.qos.logback.classic.joran.action.ConfigurationAction - Will scan for changes in [file:/C:/afcepf/matchingEngine/target/classes/logback.xml] 
09:45:41,887 |-INFO in ch.qos.logback.classic.joran.action.ConfigurationAction - Setting ReconfigureOnChangeTask scanning period to 10 seconds
09:45:41,895 |-INFO in ch.qos.logback.core.joran.action.AppenderAction - About to instantiate appender of type [ch.qos.logback.core.rolling.RollingFileAppender]
09:45:41,910 |-INFO in ch.qos.logback.core.joran.action.AppenderAction - Naming appender as [FILEPATTERN]
09:45:42,002 |-INFO in c.q.l.core.rolling.SizeAndTimeBasedRollingPolicy@1775525066 - setting totalSizeCap to 20 GB
09:45:42,008 |-INFO in c.q.l.core.rolling.SizeAndTimeBasedRollingPolicy@1775525066 - Archive files will be limited to [10 MB] each.
09:45:42,017 |-INFO in c.q.l.core.rolling.SizeAndTimeBasedRollingPolicy@1775525066 - Will use gz compression
09:45:42,022 |-INFO in c.q.l.core.rolling.SizeAndTimeBasedRollingPolicy@1775525066 - Will use the pattern LOG_FILE_IS_UNDEFINED.%d{yyyy-MM-dd}.%i.log for the active file
09:45:42,029 |-INFO in ch.qos.logback.core.rolling.SizeAndTimeBasedFNATP@2ff7a73 - The date pattern is 'yyyy-MM-dd' from file name pattern 'LOG_FILE_IS_UNDEFINED.%d{yyyy-MM-dd}.%i.log.gz'.
09:45:42,030 |-INFO in ch.qos.logback.core.rolling.SizeAndTimeBasedFNATP@2ff7a73 - Roll-over at midnight.
09:45:42,037 |-INFO in ch.qos.logback.core.rolling.SizeAndTimeBasedFNATP@2ff7a73 - Setting initial period to Wed Jan 19 09:42:17 CET 2022
09:45:42,043 |-INFO in ch.qos.logback.core.rolling.RollingFileAppender[FILEPATTERN] - Active log file name: LOG_FILE_IS_UNDEFINED
09:45:42,044 |-INFO in ch.qos.logback.core.rolling.RollingFileAppender[FILEPATTERN] - File property is set to [LOG_FILE_IS_UNDEFINED]
09:45:42,048 |-INFO in ch.qos.logback.classic.joran.action.LoggerAction - Setting level of logger [com.datastax.driver.core.QueryLogger.NORMAL] to INFO
09:45:42,049 |-INFO in ch.qos.logback.classic.joran.action.LoggerAction - Setting level of logger [com.datastax.driver.core.QueryLogger.SLOW] to INFO
09:45:42,049 |-INFO in ch.qos.logback.classic.joran.action.LoggerAction - Setting level of logger [com.datastax.driver.core.QueryLogger.ERROR] to INFO
09:45:42,049 |-INFO in ch.qos.logback.classic.joran.action.LoggerAction - Setting level of logger [io.netty] to WARN
09:45:42,049 |-INFO in ch.qos.logback.classic.joran.action.LoggerAction - Setting level of logger [javax.activation] to WARN
09:45:42,049 |-INFO in ch.qos.logback.classic.joran.action.LoggerAction - Setting level of logger [javax.mail] to WARN
09:45:42,050 |-INFO in ch.qos.logback.classic.joran.action.LoggerAction - Setting level of logger [javax.xml.bind] to WARN
09:45:42,050 |-INFO in ch.qos.logback.classic.joran.action.LoggerAction - Setting level of logger [ch.qos.logback] to WARN
09:45:42,050 |-INFO in ch.qos.logback.classic.joran.action.LoggerAction - Setting level of logger [com.codahale.metrics] to WARN
09:45:42,050 |-INFO in ch.qos.logback.classic.joran.action.LoggerAction - Setting level of logger [com.datastax] to WARN
09:45:42,050 |-INFO in ch.qos.logback.classic.joran.action.LoggerAction - Setting level of logger [com.ryantenney] to WARN
09:45:42,050 |-INFO in ch.qos.logback.classic.joran.action.LoggerAction - Setting level of logger [com.sun] to WARN
09:45:42,051 |-INFO in ch.qos.logback.classic.joran.action.LoggerAction - Setting level of logger [com.zaxxer] to WARN
09:45:42,051 |-INFO in ch.qos.logback.classic.joran.action.LoggerAction - Setting level of logger [org.apache] to WARN
09:45:42,051 |-INFO in ch.qos.logback.classic.joran.action.LoggerAction - Setting level of logger [org.apache.catalina.startup.DigesterFactory] to OFF
09:45:42,051 |-INFO in ch.qos.logback.classic.joran.action.LoggerAction - Setting level of logger [org.bson] to WARN
09:45:42,051 |-INFO in ch.qos.logback.classic.joran.action.LoggerAction - Setting level of logger [org.hibernate.validator] to WARN
09:45:42,051 |-INFO in ch.qos.logback.classic.joran.action.LoggerAction - Setting level of logger [org.hibernate] to WARN
09:45:42,052 |-INFO in ch.qos.logback.classic.joran.action.LoggerAction - Setting level of logger [org.hibernate.ejb.HibernatePersistence] to OFF
09:45:42,052 |-INFO in ch.qos.logback.classic.joran.action.LoggerAction - Setting level of logger [org.springframework] to INFO
09:45:42,052 |-INFO in ch.qos.logback.classic.joran.action.LoggerAction - Setting level of logger [org.springframework.web] to WARN
09:45:42,052 |-INFO in ch.qos.logback.classic.joran.action.LoggerAction - Setting level of logger [org.springframework.security] to WARN
09:45:42,053 |-INFO in ch.qos.logback.classic.joran.action.LoggerAction - Setting level of logger [org.springframework.cache] to WARN
09:45:42,053 |-INFO in ch.qos.logback.classic.joran.action.LoggerAction - Setting level of logger [org.thymeleaf] to WARN
09:45:42,053 |-INFO in ch.qos.logback.classic.joran.action.LoggerAction - Setting level of logger [org.xnio] to WARN
09:45:42,053 |-INFO in ch.qos.logback.classic.joran.action.LoggerAction - Setting level of logger [springfox] to WARN
09:45:42,053 |-INFO in ch.qos.logback.classic.joran.action.LoggerAction - Setting level of logger [sun.rmi] to WARN
09:45:42,054 |-INFO in ch.qos.logback.classic.joran.action.LoggerAction - Setting level of logger [sun.rmi.transport] to WARN
09:45:42,054 |-INFO in ch.qos.logback.classic.joran.action.LoggerAction - Setting level of logger [com.netflix] to WARN
09:45:42,054 |-INFO in ch.qos.logback.classic.joran.action.LoggerAction - Setting level of logger [org.elasticsearch] to INFO
09:45:42,055 |-INFO in ch.qos.logback.classic.joran.action.LoggerAction - Setting level of logger [org.elasticsearch.indices.breaker.request] to INFO
09:45:42,055 |-INFO in ch.qos.logback.classic.joran.action.LoggerAction - Setting level of logger [org.springframework.ws.server.MessageTracing] to TRACE
09:45:42,055 |-INFO in ch.qos.logback.classic.joran.action.LoggerAction - Setting level of logger [org.springframework.ws.client.MessageTracing] to TRACE
09:45:42,056 |-INFO in ch.qos.logback.classic.joran.action.RootLoggerAction - Setting level of ROOT logger to INFO
09:45:42,057 |-INFO in ch.qos.logback.core.joran.action.AppenderRefAction - Attaching appender named [FILEPATTERN] to Logger[ROOT]
09:45:42,060 |-INFO in ch.qos.logback.classic.joran.action.ConfigurationAction - End of configuration.
09:45:42,062 |-INFO in ch.qos.logback.classic.joran.JoranConfigurator@4db60246 - Registering current configuration as safe fallback point
09:45:43,265 |-INFO in ch.qos.logback.classic.joran.action.ConfigurationAction - Will scan for changes in [file:/C:/afcepf/matchingEngine/target/classes/logback.xml] 
09:45:43,265 |-INFO in ch.qos.logback.classic.joran.action.ConfigurationAction - Setting ReconfigureOnChangeTask scanning period to 10 seconds
09:45:43,267 |-INFO in ch.qos.logback.core.joran.action.AppenderAction - About to instantiate appender of type [ch.qos.logback.core.rolling.RollingFileAppender]
09:45:43,267 |-INFO in ch.qos.logback.core.joran.action.AppenderAction - Naming appender as [FILEPATTERN]
09:45:43,271 |-INFO in c.q.l.core.rolling.SizeAndTimeBasedRollingPolicy@161040638 - setting totalSizeCap to 20 GB
09:45:43,271 |-INFO in c.q.l.core.rolling.SizeAndTimeBasedRollingPolicy@161040638 - Archive files will be limited to [10 MB] each.
09:45:43,272 |-INFO in c.q.l.core.rolling.SizeAndTimeBasedRollingPolicy@161040638 - Will use gz compression
09:45:43,272 |-INFO in c.q.l.core.rolling.SizeAndTimeBasedRollingPolicy@161040638 - Will use the pattern /data/local/tomcat/logs/matchingEngine.log.%d{yyyy-MM-dd}.%i.log for the active file
09:45:43,274 |-INFO in ch.qos.logback.core.rolling.SizeAndTimeBasedFNATP@4c31b6c2 - The date pattern is 'yyyy-MM-dd' from file name pattern '/data/local/tomcat/logs/matchingEngine.log.%d{yyyy-MM-dd}.%i.log.gz'.
09:45:43,274 |-INFO in ch.qos.logback.core.rolling.SizeAndTimeBasedFNATP@4c31b6c2 - Roll-over at midnight.
09:45:43,275 |-INFO in ch.qos.logback.core.rolling.SizeAndTimeBasedFNATP@4c31b6c2 - Setting initial period to Wed Jan 19 09:42:18 CET 2022
09:45:43,279 |-INFO in ch.qos.logback.core.rolling.RollingFileAppender[FILEPATTERN] - Active log file name: /data/local/tomcat/logs/matchingEngine.log
09:45:43,279 |-INFO in ch.qos.logback.core.rolling.RollingFileAppender[FILEPATTERN] - File property is set to [/data/local/tomcat/logs/matchingEngine.log]
09:45:43,281 |-INFO in ch.qos.logback.classic.joran.action.LoggerAction - Setting level of logger [com.datastax.driver.core.QueryLogger.NORMAL] to INFO
09:45:43,282 |-INFO in ch.qos.logback.classic.jul.LevelChangePropagator@d164938 - Propagating INFO level on Logger[com.datastax.driver.core.QueryLogger.NORMAL] onto the JUL framework
09:45:43,284 |-INFO in ch.qos.logback.classic.joran.action.LoggerAction - Setting level of logger [com.datastax.driver.core.QueryLogger.SLOW] to INFO
09:45:43,284 |-INFO in ch.qos.logback.classic.jul.LevelChangePropagator@d164938 - Propagating INFO level on Logger[com.datastax.driver.core.QueryLogger.SLOW] onto the JUL framework
09:45:43,285 |-INFO in ch.qos.logback.classic.joran.action.LoggerAction - Setting level of logger [com.datastax.driver.core.QueryLogger.ERROR] to INFO
09:45:43,286 |-INFO in ch.qos.logback.classic.jul.LevelChangePropagator@d164938 - Propagating INFO level on Logger[com.datastax.driver.core.QueryLogger.ERROR] onto the JUL framework
09:45:43,286 |-INFO in ch.qos.logback.classic.joran.action.LoggerAction - Setting level of logger [io.netty] to WARN
09:45:43,287 |-INFO in ch.qos.logback.classic.jul.LevelChangePropagator@d164938 - Propagating WARN level on Logger[io.netty] onto the JUL framework
09:45:43,288 |-INFO in ch.qos.logback.classic.joran.action.LoggerAction - Setting level of logger [javax.activation] to WARN
09:45:43,289 |-INFO in ch.qos.logback.classic.jul.LevelChangePropagator@d164938 - Propagating WARN level on Logger[javax.activation] onto the JUL framework
09:45:43,289 |-INFO in ch.qos.logback.classic.joran.action.LoggerAction - Setting level of logger [javax.mail] to WARN
09:45:43,289 |-INFO in ch.qos.logback.classic.jul.LevelChangePropagator@d164938 - Propagating WARN level on Logger[javax.mail] onto the JUL framework
09:45:43,289 |-INFO in ch.qos.logback.classic.joran.action.LoggerAction - Setting level of logger [javax.xml.bind] to WARN
09:45:43,290 |-INFO in ch.qos.logback.classic.jul.LevelChangePropagator@d164938 - Propagating WARN level on Logger[javax.xml.bind] onto the JUL framework
09:45:43,290 |-INFO in ch.qos.logback.classic.joran.action.LoggerAction - Setting level of logger [ch.qos.logback] to WARN
09:45:43,290 |-INFO in ch.qos.logback.classic.jul.LevelChangePropagator@d164938 - Propagating WARN level on Logger[ch.qos.logback] onto the JUL framework
09:45:43,290 |-INFO in ch.qos.logback.classic.joran.action.LoggerAction - Setting level of logger [com.codahale.metrics] to WARN
09:45:43,290 |-INFO in ch.qos.logback.classic.jul.LevelChangePropagator@d164938 - Propagating WARN level on Logger[com.codahale.metrics] onto the JUL framework
09:45:43,290 |-INFO in ch.qos.logback.classic.joran.action.LoggerAction - Setting level of logger [com.datastax] to WARN
09:45:43,291 |-INFO in ch.qos.logback.classic.jul.LevelChangePropagator@d164938 - Propagating WARN level on Logger[com.datastax] onto the JUL framework
09:45:43,291 |-INFO in ch.qos.logback.classic.joran.action.LoggerAction - Setting level of logger [com.ryantenney] to WARN
09:45:43,291 |-INFO in ch.qos.logback.classic.jul.LevelChangePropagator@d164938 - Propagating WARN level on Logger[com.ryantenney] onto the JUL framework
09:45:43,291 |-INFO in ch.qos.logback.classic.joran.action.LoggerAction - Setting level of logger [com.sun] to WARN
09:45:43,291 |-INFO in ch.qos.logback.classic.jul.LevelChangePropagator@d164938 - Propagating WARN level on Logger[com.sun] onto the JUL framework
09:45:43,291 |-INFO in ch.qos.logback.classic.joran.action.LoggerAction - Setting level of logger [com.zaxxer] to WARN
09:45:43,291 |-INFO in ch.qos.logback.classic.jul.LevelChangePropagator@d164938 - Propagating WARN level on Logger[com.zaxxer] onto the JUL framework
09:45:43,292 |-INFO in ch.qos.logback.classic.joran.action.LoggerAction - Setting level of logger [org.apache] to WARN
09:45:43,292 |-INFO in ch.qos.logback.classic.jul.LevelChangePropagator@d164938 - Propagating WARN level on Logger[org.apache] onto the JUL framework
09:45:43,292 |-INFO in ch.qos.logback.classic.joran.action.LoggerAction - Setting level of logger [org.apache.catalina.startup.DigesterFactory] to OFF
09:45:43,292 |-INFO in ch.qos.logback.classic.jul.LevelChangePropagator@d164938 - Propagating OFF level on Logger[org.apache.catalina.startup.DigesterFactory] onto the JUL framework
09:45:43,292 |-INFO in ch.qos.logback.classic.joran.action.LoggerAction - Setting level of logger [org.bson] to WARN
09:45:43,293 |-INFO in ch.qos.logback.classic.jul.LevelChangePropagator@d164938 - Propagating WARN level on Logger[org.bson] onto the JUL framework
09:45:43,293 |-INFO in ch.qos.logback.classic.joran.action.LoggerAction - Setting level of logger [org.hibernate.validator] to WARN
09:45:43,293 |-INFO in ch.qos.logback.classic.jul.LevelChangePropagator@d164938 - Propagating WARN level on Logger[org.hibernate.validator] onto the JUL framework
09:45:43,293 |-INFO in ch.qos.logback.classic.joran.action.LoggerAction - Setting level of logger [org.hibernate] to WARN
09:45:43,293 |-INFO in ch.qos.logback.classic.jul.LevelChangePropagator@d164938 - Propagating WARN level on Logger[org.hibernate] onto the JUL framework
09:45:43,293 |-INFO in ch.qos.logback.classic.joran.action.LoggerAction - Setting level of logger [org.hibernate.ejb.HibernatePersistence] to OFF
09:45:43,294 |-INFO in ch.qos.logback.classic.jul.LevelChangePropagator@d164938 - Propagating OFF level on Logger[org.hibernate.ejb.HibernatePersistence] onto the JUL framework
09:45:43,294 |-INFO in ch.qos.logback.classic.joran.action.LoggerAction - Setting level of logger [org.springframework] to INFO
09:45:43,294 |-INFO in ch.qos.logback.classic.jul.LevelChangePropagator@d164938 - Propagating INFO level on Logger[org.springframework] onto the JUL framework
09:45:43,294 |-INFO in ch.qos.logback.classic.joran.action.LoggerAction - Setting level of logger [org.springframework.web] to WARN
09:45:43,294 |-INFO in ch.qos.logback.classic.jul.LevelChangePropagator@d164938 - Propagating WARN level on Logger[org.springframework.web] onto the JUL framework
09:45:43,294 |-INFO in ch.qos.logback.classic.joran.action.LoggerAction - Setting level of logger [org.springframework.security] to WARN
09:45:43,294 |-INFO in ch.qos.logback.classic.jul.LevelChangePropagator@d164938 - Propagating WARN level on Logger[org.springframework.security] onto the JUL framework
09:45:43,295 |-INFO in ch.qos.logback.classic.joran.action.LoggerAction - Setting level of logger [org.springframework.cache] to WARN
09:45:43,295 |-INFO in ch.qos.logback.classic.jul.LevelChangePropagator@d164938 - Propagating WARN level on Logger[org.springframework.cache] onto the JUL framework
09:45:43,295 |-INFO in ch.qos.logback.classic.joran.action.LoggerAction - Setting level of logger [org.thymeleaf] to WARN
09:45:43,295 |-INFO in ch.qos.logback.classic.jul.LevelChangePropagator@d164938 - Propagating WARN level on Logger[org.thymeleaf] onto the JUL framework
09:45:43,295 |-INFO in ch.qos.logback.classic.joran.action.LoggerAction - Setting level of logger [org.xnio] to WARN
09:45:43,295 |-INFO in ch.qos.logback.classic.jul.LevelChangePropagator@d164938 - Propagating WARN level on Logger[org.xnio] onto the JUL framework
09:45:43,295 |-INFO in ch.qos.logback.classic.joran.action.LoggerAction - Setting level of logger [springfox] to WARN
09:45:43,295 |-INFO in ch.qos.logback.classic.jul.LevelChangePropagator@d164938 - Propagating WARN level on Logger[springfox] onto the JUL framework
09:45:43,296 |-INFO in ch.qos.logback.classic.joran.action.LoggerAction - Setting level of logger [sun.rmi] to WARN
09:45:43,296 |-INFO in ch.qos.logback.classic.jul.LevelChangePropagator@d164938 - Propagating WARN level on Logger[sun.rmi] onto the JUL framework
09:45:43,296 |-INFO in ch.qos.logback.classic.joran.action.LoggerAction - Setting level of logger [sun.rmi.transport] to WARN
09:45:43,296 |-INFO in ch.qos.logback.classic.jul.LevelChangePropagator@d164938 - Propagating WARN level on Logger[sun.rmi.transport] onto the JUL framework
09:45:43,296 |-INFO in ch.qos.logback.classic.joran.action.LoggerAction - Setting level of logger [com.netflix] to WARN
09:45:43,297 |-INFO in ch.qos.logback.classic.jul.LevelChangePropagator@d164938 - Propagating WARN level on Logger[com.netflix] onto the JUL framework
09:45:43,297 |-INFO in ch.qos.logback.classic.joran.action.LoggerAction - Setting level of logger [org.elasticsearch] to INFO
09:45:43,298 |-INFO in ch.qos.logback.classic.jul.LevelChangePropagator@d164938 - Propagating INFO level on Logger[org.elasticsearch] onto the JUL framework
09:45:43,298 |-INFO in ch.qos.logback.classic.joran.action.LoggerAction - Setting level of logger [org.elasticsearch.indices.breaker.request] to INFO
09:45:43,298 |-INFO in ch.qos.logback.classic.jul.LevelChangePropagator@d164938 - Propagating INFO level on Logger[org.elasticsearch.indices.breaker.request] onto the JUL framework
09:45:43,298 |-INFO in ch.qos.logback.classic.joran.action.LoggerAction - Setting level of logger [org.springframework.ws.server.MessageTracing] to TRACE
09:45:43,299 |-INFO in ch.qos.logback.classic.jul.LevelChangePropagator@d164938 - Propagating TRACE level on Logger[org.springframework.ws.server.MessageTracing] onto the JUL framework
09:45:43,299 |-INFO in ch.qos.logback.classic.joran.action.LoggerAction - Setting level of logger [org.springframework.ws.client.MessageTracing] to TRACE
09:45:43,299 |-INFO in ch.qos.logback.classic.jul.LevelChangePropagator@d164938 - Propagating TRACE level on Logger[org.springframework.ws.client.MessageTracing] onto the JUL framework
09:45:43,299 |-INFO in ch.qos.logback.classic.joran.action.RootLoggerAction - Setting level of ROOT logger to INFO
09:45:43,299 |-INFO in ch.qos.logback.classic.jul.LevelChangePropagator@d164938 - Propagating INFO level on Logger[ROOT] onto the JUL framework
09:45:43,299 |-INFO in ch.qos.logback.core.joran.action.AppenderRefAction - Attaching appender named [FILEPATTERN] to Logger[ROOT]
09:45:43,300 |-INFO in ch.qos.logback.classic.joran.action.ConfigurationAction - End of configuration.
09:45:43,300 |-INFO in org.springframework.boot.logging.logback.SpringBootJoranConfigurator@2c8c42c - Registering current configuration as safe fallback point

  .   ____          _            __ _ _
 /\\ / ___'_ __ _ _(_)_ __  __ _ \ \ \ \
( ( )\___ | '_ | '_| | '_ \/ _` | \ \ \ \
 \\/  ___)| |_)| | | | | || (_| |  ) ) ) )
  '  |____| .__|_| |_|_| |_\__, | / / / /
 =========|_|==============|___/=/_/_/_/
 :: Spring Boot ::        (v2.2.1.RELEASE)

]]></system-out>
  </testcase>
</testsuite>